IP Generator (Version 2022.2-Lite build 118454)
Start generating at 2023-08-16 01:02
Instance: rom32_1024b (E:\Pango Project\Rsicv_001\Sc_cpu\ipcore\rom32_1024b\rom32_1024b.idf)
IP: Pango DRM Based ROM (1.5)
Part: Logos-PGL50H-FBG484--7
Create directory 'rtl' ...
Copy 'rtl\ipml_rom_v1_5.v.xml' to 'rtl' ...
Copy 'rtl\ipml_spram_v1_5.v.xml' to 'rtl' ...
Compile file 'rtl\ipml_spram_v1_5.v.xml' to 'rtl\ipml_spram_v1_5_rom32_1024b.v' ...
Compile file 'rtl\ipml_rom_v1_5.v.xml' to 'rtl\ipml_rom_v1_5_rom32_1024b.v' ...
Copy 'ipml_rom_wrapper_v1_5.v.xml' ...
Compile file 'ipml_rom_wrapper_v1_5.v.xml' to 'rom32_1024b.v' ...
Found top module 'rom32_1024b' in file 'rom32_1024b.v'.
Copy 'ipml_rom_wrapper_v1_3_tb.v.xml' ...
Compile file 'ipml_rom_wrapper_v1_3_tb.v.xml' to 'rom32_1024b_tb.v' ...
Copy 'init_param_bin_exmp.dat' ...
Copy 'init_param_hex_exmp.dat' ...
Run file 'createParam.tcl' ...
Create template file 'rom32_1024b_tmpl.v' ...
Create template file 'rom32_1024b_tmpl.vhdl' ...
There are 3 source files to synthesize.
Synthesis is disabled.
Done: 0 error(s), 0 warning(s)
